
Cadence Innovus(TM) Implementation System.
Copyright 2022 Cadence Design Systems, Inc. All rights reserved worldwide.

Version:	v22.17-s086_1, built Tue Sep 24 10:51:50 PDT 2024
Options:	-stylus 
Date:		Thu Jul  9 00:22:32 2026
Host:		kopo-seongnam (x86_64 w/Linux 3.10.0-1160.el7.x86_64) (20cores*80cpus*Intel(R) Xeon(R) Gold 5218R CPU @ 2.10GHz 28160KB)
OS:		CentOS Linux 7 (Core)

License:
		[00:22:32.158537] Configured Lic search path (22.01-s003): 5280@localhost

		invs	Innovus Implementation System	22.1	Denied
		invsb	Innovus Implementation System Basic	22.1	checkout succeeded
		4 CPU jobs allowed with the current license(s). Use set_multi_cpu_usage to set your required CPU count.


Create and set the environment variable TMPDIR to /home/hah013/Basic_SoC_Implementation/5_APR/7_APR/4_COMB_LOGIC/1_MUX/innovus_temp_234443_fff9db97-2ce6-4c33-9cd6-8089385861fe_kopo-seongnam_hah013_Trhm62.

Change the soft stacksize limit to 0.2%RAM (770 mbytes). Set global soft_stack_size_limit to change the value.

**INFO:  MMMC transition support version v31-84 

@innovus 1> set_db init_power_nets VDD
@innovus 2> set_db init_ground_nets VSS
@innovus 3> #################################
read_mmmc ../../0_SAMPLE/sample.view
#################################
#@ Begin verbose source ../../0_SAMPLE/sample.view (pre)
@file 1:
@@file 2: create_library_set -name max_timing\
   -timing ../../1_LIB/slow_vdd1v0_basicCells.lib
**ERROR: (TCLCMD-995):	Can not open file '../../1_LIB/slow_vdd1v0_basicCells.lib' for library set
**ERROR: (IMPSE-110):	File '../../0_SAMPLE/sample.view' line 2: errors out.
#@ End verbose source ../../0_SAMPLE/sample.view

    while executing
"create_library_set -name max_timing\
   -timing ../../1_LIB/slow_vdd1v0_basicCells.lib"
    (file "../../0_SAMPLE/sample.view" line 2)
    invoked from within
"::se_source_orig ../../0_SAMPLE/sample.view"
    ("uplevel" body line 1)
    invoked from within
"uplevel [concat ::se_source_orig $args]"
    invoked from within
"if { !$encrypted && !$no_encoding && $encodingName != ""  } {
                  set st [uplevel [concat ::se_source_orig " -encoding " $encodingName "..."
    invoked from within
"if {[::SE::source_verbose_file_state $file_name] == 1} {
              ::SE::source_verbose_start $file_name
              if { !$encrypted && !$no_en..."
    invoked from within
"if {$useTclVerbose} {
          # use tcl internal method
          set st ""
          if {[::SE::source_verbose_file_state $file_name] == 1} {
     ..."
    invoked from within
"if {$largeFile == 1} {
    if {$enableVerbose == 0 && [::SE::isEchoFile] == 1} {
      $putCmd "Sourcing $file_name"
    }
    set st [uplevel [concat..."
    (procedure "source" line 185)
    invoked from within
"source ../../0_SAMPLE/sample.view"
    ("uplevel" body line 1)
    invoked from within
"uplevel #0 {source ../../0_SAMPLE/sample.view}"
**ERROR: **ERROR: (IMPSYT-16031):	Failed to execute command 'read_mmmc ../../0_SAMPLE/sample.view'.For more details, refer to error message from console.

#################################
read_physical -lef {../../../3_LEF/gsclib045_tech.lef ../../../3_LEF/gsclib045_macro.lef}
#################################

Loading LEF file ../../../3_LEF/gsclib045_tech.lef ...
Set DBUPerIGU to M2 pitch 400.

Loading LEF file ../../../3_LEF/gsclib045_macro.lef ...
**WARN: (IMPLF-200):	Pin 'A' in macro 'ANTENNA' has no ANTENNAGATEAREA value defined. The library data is incomplete and some process antenna rules will not be checked correctly.
Type 'man IMPLF-200' for more detail.

##  Check design process and node:  
##  Both design process and tech node are not set.

#################################
read_netlist ../../../6_GLN/4_COMB_LOGIC/1_MUX/gpio_mux_netlist.v
#################################
#% Begin Load netlist data ... (date=07/09 00:24:36, mem=1368.2M)
*** Begin netlist parsing (mem=1634.5M) ***
Created 0 new cells from 0 timing libraries.
Reading netlist ...
Backslashed names will retain backslash and a trailing blank character.
Reading verilog netlist '../../../6_GLN/4_COMB_LOGIC/1_MUX/gpio_mux_netlist.v'

*** Memory Usage v#1 (Current mem = 1637.531M, initial mem = 654.375M) ***
*** End netlist parsing (cpu=0:00:00.0, real=0:00:00.0, mem=1637.5M) ***
#% End Load netlist data ... (date=07/09 00:24:36, total cpu=0:00:00.0, real=0:00:00.0, peak res=1371.9M, current mem=1371.9M)
Top level cell is gpio_mux.
Hooked 0 DB cells to tlib cells.
Starting recursive module instantiation check.
No recursion found.
Building hierarchical netlist for Cell gpio_mux ...
***** UseNewTieNetMode *****.
*** Netlist is unique.
** info: there are 575 modules.
** info: there are 1 stdCell insts.
** info: there are 1 stdCell insts with at least one signal pin.

*** Memory Usage v#1 (Current mem = 1687.957M, initial mem = 654.375M) ***
**WARN: (IMPFP-3961):	The techSite 'CornerSite' has no related standard cells in the LEF/OA library. The calculations for this site type cannot be made unless standard cell models of this type exist in the LEF/OA library. Ignore this warning if the SITE is not used by the library. Alternatively, remove the SITE definition for the LEF/OA library to avoid this message.
Type 'man IMPFP-3961' for more detail.
**WARN: (IMPFP-3961):	The techSite 'IOSite' has no related standard cells in the LEF/OA library. The calculations for this site type cannot be made unless standard cell models of this type exist in the LEF/OA library. Ignore this warning if the SITE is not used by the library. Alternatively, remove the SITE definition for the LEF/OA library to avoid this message.
Type 'man IMPFP-3961' for more detail.
Start create_tracks
Extraction setup Started 

--------------------------------------------------------------------------------
Exiting Innovus on Thu Jul  9 00:24:44 2026
  Total CPU time:     0:00:46
  Total real time:    0:02:13
  Peak memory (main): 1655.02MB


*** Memory Usage v#1 (Current mem = 1943.277M, initial mem = 654.375M) ***
*** Message Summary: 3 warning(s), 3 error(s)

--- Ending "Innovus" (totcpu=0:00:46.3, real=0:02:12, mem=1943.3M) ---
