xmsim(64): 22.03-s012: (c) Copyright 1995-2023 Cadence Design Systems, Inc.
TOOL:	xmsim(64)	22.03-s012: Started on Jul 07, 2026 at 02:23:05 KST
xmsim
    -MESS
    tb_FSM3
    -gui

xmsim: *W,NOMTDGUI: Multi-Threaded Dumping is disabled for interactive debug mode.

-------------------------------------
Relinquished control to SimVision...
xcelium> 
xcelium> database -open waves -into waves.shm -default
Created default SHM database waves
xcelium> probe -create -shm tb_FSM3.clk tb_FSM3.ds tb_FSM3.go tb_FSM3.rd tb_FSM3.rst_n tb_FSM3.ws
Created probe 1
xcelium> run
Simulation complete via $finish(1) at time 500 NS + 0
./tb_FSM3.v:32 	#100; $finish;
xcelium> ^C
xcelium> exit
TOOL:	xmsim(64)	22.03-s012: Exiting on Jul 07, 2026 at 02:24:09 KST  (total: 00:01:04)
