xmelab(64): 22.03-s012: (c) Copyright 1995-2023 Cadence Design Systems, Inc.
TOOL:	xmelab(64)	22.03-s012: Started on Jul 08, 2026 at 05:18:37 KST
xmelab
    -MESS
    -access rwc
    tb_FSM1

	Elaborating the design hierarchy:
		Caching library 'work_lib' ....... Done
	Building instance overlay tables: .................... Done
	Generating native compiled code:
		work_lib.FSM1:module <0x474ba544>
			streams:   6, words:  2803
		work_lib.tb_FSM1:module <0x0eba1d71>
			streams:   6, words:  4315
	Building instance specific data structures.
	Loading native compiled code:     .................... Done
	Design hierarchy summary:
		                 Instances  Unique
		Modules:                 2       2
		Registers:               6       6
		Scalar wires:            6       -
		Always blocks:           3       3
		Initial blocks:          1       1
		Cont. assignments:       2       2
		Pseudo assignments:      4       4
		Simulation timescale:  1ps
	Writing initial simulation snapshot: work_lib.tb_FSM1:module
TOOL:	xmelab(64)	22.03-s012: Exiting on Jul 08, 2026 at 05:18:37 KST  (total: 00:00:00)
