============================================================
  Generated by:           Genus(TM) Synthesis Solution 22.17-s071_1
  Generated on:           Jul 08 2026  05:31:25 am
  Module:                 FSM
  Operating conditions:   PVT_0P9V_125C (balanced_tree)
  Wireload mode:          enclosed
  Area mode:              timing library
============================================================

Timing
--------

Clock  Period 
--------------
clk   10000.0 


  Cost    Critical         Violating 
 Group   Path Slack  TNS     Paths   
-------------------------------------
clk          9330.3   0.0          0 
default    No paths   0.0            
-------------------------------------
Total                 0.0          0 

Instance Count
--------------
Leaf Instance Count             14 
Physical Instance count          0 
Sequential Instance Count        3 
Combinational Instance Count    11 
Hierarchical Instance Count      0 

Area
----
Cell Area                          33.858
Physical Cell Area                 0.000
Total Cell Area (Cell+Physical)    33.858
Net Area                           0.000
Total Area (Cell+Physical+Net)     33.858

Max Fanout                         5 (state[2])
Min Fanout                         0 (rst_n)
Average Fanout                     2.0
Terms to net ratio                 2.9412
Terms to instance ratio            3.5714
Runtime                            18.899814 seconds
Elapsed Runtime                    22 seconds
Genus peak memory usage            1774.36 
Innovus peak memory usage          no_value 
Hostname                           localhost
