============================================================
  Generated by:           Genus(TM) Synthesis Solution 22.17-s071_1
  Generated on:           Jul 08 2026  05:31:24 am
  Module:                 FSM
  Operating conditions:   PVT_0P9V_125C (balanced_tree)
  Wireload mode:          enclosed
  Area mode:              timing library
============================================================


Path 1: MET (9330 ps) Setup Check with Pin state_reg[2]/CK->D
          Group: clk
     Startpoint: (R) state_reg[1]/CK
          Clock: (R) clk
       Endpoint: (R) state_reg[2]/D
          Clock: (R) clk

                     Capture       Launch     
        Clock Edge:+   10000            0     
       Src Latency:+       0            0     
       Net Latency:+       0 (I)        0 (I) 
           Arrival:=   10000            0     
                                              
             Setup:-     124                  
       Uncertainty:-      10                  
     Required Time:=    9866                  
      Launch Clock:-       0                  
         Data Path:-     536                  
             Slack:=    9330                  

#----------------------------------------------------------------------------------------
#  Timing Point   Flags   Arc   Edge   Cell     Fanout Load Trans Delay Arrival Instance 
#                                                      (fF)  (ps)  (ps)   (ps)  Location 
#----------------------------------------------------------------------------------------
  state_reg[1]/CK -       -     R     (arrival)      3    -   100     0       0    (-,-) 
  state_reg[1]/Q  -       CK->Q F     DFFRHQX1       4  1.1    39   264     264    (-,-) 
  g359__6783/Y    -       A->Y  R     NOR2X1         2  0.8    63    71     335    (-,-) 
  g356__8428/Y    -       C->Y  F     NAND3X1        2  0.6   124   116     451    (-,-) 
  g353__2398/Y    -       B0->Y R     OAI31X1        1  0.3    88    85     536    (-,-) 
  state_reg[2]/D  <<<     -     R     DFFRHQX1       1    -     -     0     536    (-,-) 
#----------------------------------------------------------------------------------------

