
Cadence Innovus(TM) Implementation System.
Copyright 2022 Cadence Design Systems, Inc. All rights reserved worldwide.

Version:	v22.17-s086_1, built Tue Sep 24 10:51:50 PDT 2024
Options:	-stylus 
Date:		Wed Jul  8 23:54:41 2026
Host:		kopo-seongnam (x86_64 w/Linux 3.10.0-1160.el7.x86_64) (20cores*80cpus*Intel(R) Xeon(R) Gold 5218R CPU @ 2.10GHz 28160KB)
OS:		CentOS Linux 7 (Core)

License:
		[23:54:41.158617] Configured Lic search path (22.01-s003): 5280@localhost

		invs	Innovus Implementation System	22.1	Denied
		invsb	Innovus Implementation System Basic	22.1	checkout succeeded
		4 CPU jobs allowed with the current license(s). Use set_multi_cpu_usage to set your required CPU count.


Create and set the environment variable TMPDIR to /home/hah013/Basic_SoC_Implementation/5_APR/7_APR/0_SAMPLE/innovus_temp_217942_a1776276-4853-4975-9fec-0e8e4af12bbd_kopo-seongnam_hah013_RNLM1N.

Change the soft stacksize limit to 0.2%RAM (770 mbytes). Set global soft_stack_size_limit to change the value.

**INFO:  MMMC transition support version v31-84 

@innovus 1> set_db init_power_nets VDD
@innovus 2> set_db init_ground_nets VSS
@innovus 3> #################################
read_mmmc sample.view
#################################
#@ Begin verbose source sample.view (pre)
@file 1:
@@file 2: create_library_set -name max_timing\
   -timing ../../1_LIB/slow_vdd1v0_basicCells.lib
@file 4:
@@file 5: create_library_set -name min_timing\
   -timing ../../1_LIB/fast_vdd1v0_basicCells.lib
@file 7:
@@file 8: create_timing_condition -name default_mapping_tc_2\
   -library_sets min_timing
@@file 10: create_timing_condition -name default_mapping_tc_1\
   -library_sets max_timing
@file 12:
@@file 13: create_rc_corner -name rccorners\
   -cap_table ../../4_CAP_TABLE/cln28hpl_1p10m+alrdl_5x2yu2yz_typical.capTbl\
   -pre_route_res 1\
   -post_route_res 1\
   -pre_route_cap 1\
   -post_route_cap 1\
   -post_route_cross_cap 1\
   -pre_route_clock_res 0\
   -pre_route_clock_cap 0\
   -qrc_tech ../../5_QRC_TECH/gpdk045.tch
@file 23:
@@file 24: create_delay_corner -name max_delay\
   -timing_condition {default_mapping_tc_1}\
   -rc_corner rccorners
@@file 27: create_delay_corner -name min_delay\
   -timing_condition {default_mapping_tc_2}\
   -rc_corner rccorners
@file 30:
@@file 31: create_constraint_mode -name sdc_cons\
   -sdc_files\
    ../../2_CONSTRAINTS/0_SAMPLE/counter_sdc.sdc
@file 34:
@@file 35: create_analysis_view -name wc -constraint_mode sdc_cons -delay_corner max_delay
@@file 36: create_analysis_view -name bc -constraint_mode sdc_cons -delay_corner min_delay
@file 37:
@@file 38: set_analysis_view -setup wc -hold bc
@file 39:
@file 40:
#@ End verbose source sample.view
Reading max_timing timing library '/home/hah013/Basic_SoC_Implementation/5_APR/1_LIB/slow_vdd1v0_basicCells.lib' ...
**WARN: (TECHLIB-302):	No function defined for cell 'ANTENNA'. The cell will only be used for analysis. (File /home/hah013/Basic_SoC_Implementation/5_APR/1_LIB/slow_vdd1v0_basicCells.lib)
Read 480 cells in library 'slow_vdd1v0' 
Reading min_timing timing library '/home/hah013/Basic_SoC_Implementation/5_APR/1_LIB/fast_vdd1v0_basicCells.lib' ...
**WARN: (TECHLIB-302):	No function defined for cell 'ANTENNA'. The cell will only be used for analysis. (File /home/hah013/Basic_SoC_Implementation/5_APR/1_LIB/fast_vdd1v0_basicCells.lib)
Read 480 cells in library 'fast_vdd1v0' 
#################################
read_physical -lef {../../3_LEF/gsclib045_tech.lef ../../3_LEF/gsclib045_macro.lef}
#################################

Loading LEF file ../../3_LEF/gsclib045_tech.lef ...
Set DBUPerIGU to M2 pitch 400.

Loading LEF file ../../3_LEF/gsclib045_macro.lef ...
**WARN: (IMPLF-200):	Pin 'A' in macro 'ANTENNA' has no ANTENNAGATEAREA value defined. The library data is incomplete and some process antenna rules will not be checked correctly.
Type 'man IMPLF-200' for more detail.

##  Check design process and node:  
##  Both design process and tech node are not set.

#################################
read_netlist ../../6_GLN/0_SAMPLE/counter_netlist.v
#################################
#% Begin Load netlist data ... (date=07/08 23:56:09, mem=1399.0M)
*** Begin netlist parsing (mem=1638.9M) ***
Created 480 new cells from 2 timing libraries.
Reading netlist ...
Backslashed names will retain backslash and a trailing blank character.
Reading verilog netlist '../../6_GLN/0_SAMPLE/counter_netlist.v'

*** Memory Usage v#1 (Current mem = 1641.922M, initial mem = 662.375M) ***
*** End netlist parsing (cpu=0:00:00.0, real=0:00:00.0, mem=1641.9M) ***
#% End Load netlist data ... (date=07/08 23:56:09, total cpu=0:00:00.0, real=0:00:00.0, peak res=1409.3M, current mem=1409.3M)
Top level cell is counter.
Hooked 960 DB cells to tlib cells.
Starting recursive module instantiation check.
No recursion found.
Building hierarchical netlist for Cell counter ...
***** UseNewTieNetMode *****.
*** Netlist is unique.
** info: there are 1055 modules.
** info: there are 21 stdCell insts.
** info: there are 21 stdCell insts with at least one signal pin.

*** Memory Usage v#1 (Current mem = 1705.348M, initial mem = 662.375M) ***
**WARN: (IMPFP-3961):	The techSite 'CornerSite' has no related standard cells in the LEF/OA library. The calculations for this site type cannot be made unless standard cell models of this type exist in the LEF/OA library. Ignore this warning if the SITE is not used by the library. Alternatively, remove the SITE definition for the LEF/OA library to avoid this message.
Type 'man IMPFP-3961' for more detail.
**WARN: (IMPFP-3961):	The techSite 'IOSite' has no related standard cells in the LEF/OA library. The calculations for this site type cannot be made unless standard cell models of this type exist in the LEF/OA library. Ignore this warning if the SITE is not used by the library. Alternatively, remove the SITE definition for the LEF/OA library to avoid this message.
Type 'man IMPFP-3961' for more detail.
Start create_tracks
Extraction setup Started 
Initializing multi-corner RC extraction with 1 active RC Corners ...
**WARN: (IMPEXT-6202):	In addition to the technology file, the capacitance table file is specified for all the RC corners. If the technology file  is already specified for all the RC corners, the capacitance table file is not required for pre_route and post_route extraction. In a new session, the capacitance table files can be removed from the create_rc_corner command to enable the technology file to be used for pre_route and post_route (effort level medium/high/signoff) extraction engines.
Type 'man IMPEXT-6202' for more detail.
Reading Capacitance Table File ../../4_CAP_TABLE/cln28hpl_1p10m+alrdl_5x2yu2yz_typical.capTbl ...
Cap table was created using Encounter 10.10-b056_1.
Process name: cln28hpl_1p10m+alrdl_5x2yu2yz_typical.
Set Shrink Factor to 0.90000
Importing multi-corner RC tables ... 
Summary of Active RC-Corners : 
 
 Analysis View: wc
    RC-Corner Name        : rccorners
    RC-Corner Index       : 0
    RC-Corner Temperature : 25 Celsius
    RC-Corner Cap Table   : '../../4_CAP_TABLE/cln28hpl_1p10m+alrdl_5x2yu2yz_typical.capTbl'
    RC-Corner PreRoute Res Factor         : 1
    RC-Corner PreRoute Cap Factor         : 1
    RC-Corner PostRoute Res Factor        : 1 {1 1 1}
    RC-Corner PostRoute Cap Factor        : 1 {1 1 1}
    RC-Corner PostRoute XCap Factor       : 1 {1 1 1}
    RC-Corner PreRoute Clock Res Factor   : 1	[Derived from postRoute_res (effortLevel low)]
    RC-Corner PreRoute Clock Cap Factor   : 1	[Derived from postRoute_cap (effortLevel low)]
    RC-Corner PostRoute Clock Cap Factor  : 1 {1 1 1} 	[Derived from postRoute_cap (effortLevel low)]
    RC-Corner PostRoute Clock Res Factor  : 1 {1 1 1} 	[Derived from postRoute_res (effortLevel low)]
    RC-Corner PostRoute Clock coupling capacitance Factor : 1 {1 1 1} 
    RC-Corner Technology file: '../../5_QRC_TECH/gpdk045.tch'
 
 Analysis View: bc
    RC-Corner Name        : rccorners
    RC-Corner Index       : 0
    RC-Corner Temperature : 25 Celsius
    RC-Corner Cap Table   : '../../4_CAP_TABLE/cln28hpl_1p10m+alrdl_5x2yu2yz_typical.capTbl'
    RC-Corner PreRoute Res Factor         : 1
    RC-Corner PreRoute Cap Factor         : 1
    RC-Corner PostRoute Res Factor        : 1 {1 1 1}
    RC-Corner PostRoute Cap Factor        : 1 {1 1 1}
    RC-Corner PostRoute XCap Factor       : 1 {1 1 1}
    RC-Corner PreRoute Clock Res Factor   : 1	[Derived from postRoute_res (effortLevel low)]
    RC-Corner PreRoute Clock Cap Factor   : 1	[Derived from postRoute_cap (effortLevel low)]
    RC-Corner PostRoute Clock Cap Factor  : 1 {1 1 1} 	[Derived from postRoute_cap (effortLevel low)]
    RC-Corner PostRoute Clock Res Factor  : 1 {1 1 1} 	[Derived from postRoute_res (effortLevel low)]
    RC-Corner PostRoute Clock coupling capacitance Factor : 1 {1 1 1} 
    RC-Corner Technology file: '../../5_QRC_TECH/gpdk045.tch'
Updating RC Grid density data for preRoute extraction ...
Initializing multi-corner capacitance tables ... 
Initializing multi-corner resistance tables ...
Creating RPSQ from WeeR and WRes ...
*Info: initialize multi-corner CTS.
Reading timing constraints file '../../2_CONSTRAINTS/0_SAMPLE/counter_sdc.sdc' ...
Current (total cpu=0:00:40.4, real=0:01:30, peak res=1833.6M, current mem=1833.6M)
**WARN: (TCLCMD-1461):	Skipped unsupported command: set_units (File ../../2_CONSTRAINTS/0_SAMPLE/counter_sdc.sdc, Line 9).

**WARN: (TCLCMD-1461):	Skipped unsupported command: set_units (File ../../2_CONSTRAINTS/0_SAMPLE/counter_sdc.sdc, Line 10).

counter
INFO (CTE): Reading of timing constraints file ../../2_CONSTRAINTS/0_SAMPLE/counter_sdc.sdc completed, with 2 WARNING
Ending "Constraint file reading stats" (total cpu=0:00:00.0, real=0:00:00.0, peak res=1847.5M, current mem=1847.5M)
Current (total cpu=0:00:40.5, real=0:01:30, peak res=1847.5M, current mem=1847.5M)
Total number of combinational cells: 318
Total number of sequential cells: 152
Total number of tristate cells: 10
Total number of level shifter cells: 0
Total number of power gating cells: 0
Total number of isolation cells: 0
Total number of power switch cells: 0
Total number of pulse generator cells: 0
Total number of always on buffers: 0
Total number of retention cells: 0
Total number of physical cells: 0
List of usable buffers: BUFX2 BUFX12 BUFX16 BUFX20 CLKBUFX2 BUFX3 BUFX4 BUFX6 BUFX8 CLKBUFX12 CLKBUFX16 CLKBUFX20 CLKBUFX3 CLKBUFX4 CLKBUFX6 CLKBUFX8
Total number of usable buffers: 16
List of unusable buffers:
Total number of unusable buffers: 0
List of usable inverters: CLKINVX1 CLKINVX2 CLKINVX12 CLKINVX16 CLKINVX20 CLKINVX4 CLKINVX3 CLKINVX6 CLKINVX8 INVX1 INVX2 INVX12 INVX16 INVX20 INVXL INVX3 INVX4 INVX6 INVX8
Total number of usable inverters: 19
List of unusable inverters:
Total number of unusable inverters: 0
List of identified usable delay cells: DLY1X1 DLY1X4 DLY2X1 DLY2X4 DLY3X1 DLY3X4 DLY4X1 DLY4X4
Total number of identified usable delay cells: 8
List of identified unusable delay cells:
Total number of identified unusable delay cells: 0
Adjusting coreMargin left    to finFet grid (PlacementGrid) : after adjusting :2.6
Adjusting coreMargin bottom  to finFet grid (PlacementGrid) : after adjusting :2.66
Adjusting coreMargin right   to finFet grid (PlacementGrid) : after adjusting :2.6
Adjusting coreMargin top     to finFet grid (PlacementGrid) : after adjusting :2.66
Adjusting core size to PlacementGrid : width :60.6 height : 1.71
**WARN: (IMPFP-3961):	The techSite 'CornerSite' has no related standard cells in the LEF/OA library. The calculations for this site type cannot be made unless standard cell models of this type exist in the LEF/OA library. Ignore this warning if the SITE is not used by the library. Alternatively, remove the SITE definition for the LEF/OA library to avoid this message.
Type 'man IMPFP-3961' for more detail.
**WARN: (IMPFP-3961):	The techSite 'IOSite' has no related standard cells in the LEF/OA library. The calculations for this site type cannot be made unless standard cell models of this type exist in the LEF/OA library. Ignore this warning if the SITE is not used by the library. Alternatively, remove the SITE definition for the LEF/OA library to avoid this message.
Type 'man IMPFP-3961' for more detail.
Start create_tracks
**WARN: (IMPFP-325):	Floorplan of the design is resized. All current create_floorplan objects are automatically derived based on specified new create_floorplan. This may change blocks, fixed standard cells, existing routes and blockages.
@innovus 3> #################################
read_mmmc sample.view
#################################
**WARN: (TCLCMD-1306):	read_mmmc command should be called once before init_design.
**ERROR: **ERROR: (IMPSYT-16031):	Failed to execute command 'read_mmmc sample.view'.For more details, refer to error message from console.

#################################
read_physical -lef {../../3_LEF/gsclib045_tech.lef ../../3_LEF/gsclib045_macro.lef}
#################################
**ERROR: (IMPIMEX-7030):	LEF files are not allowed to be read in after the design is in memory. If you want to modify the current list of LEF files, please refer to read_physical -add_lefs**ERROR: **ERROR: (IMPSYT-16031):	Failed to execute command 'read_physical -lef {../../3_LEF/gsclib045_tech.lef ../../3_LEF/gsclib045_macro.lef}'.For more details, refer to error message from console.

#################################
read_netlist ../../6_GLN/0_SAMPLE/counter_netlist.v
#################################
**ERROR: **ERROR: (IMPSYT-16031):	Failed to execute command 'read_netlist ../../6_GLN/0_SAMPLE/counter_netlist.v'.For more details, refer to error message from console.

**ERROR: (IMPIMEX-12):	'init_design' failed. You are missing one or more of the required commands before running init_design.
The MMMC init sequence looks like this: 
read_mmmc top.mmmc 
read_physical -lef {tech.lef stdcell.lef}   #optional in Tempus, required for Innovus 
read_netlist top.v 
read_power_intent -1801 top.1801	    #only for MSV designs 
init_design 

Tempus also supports a single-mode timing init sequence with no MMMC file like this: 
read_libs all.lib 
read_netlist top.v 
read_sdc top.sdc 
init_design 

See the 'Stylus Common UI Initialization' section in the 'Design Import and Export Capabilities' chapter of the Innovus Stylus 
Common UI User Guide for more details.

--------------------------------------------------------------------------------
Exiting Innovus on Wed Jul  8 23:58:10 2026
  Total CPU time:     0:00:50
  Total real time:    0:03:31
  Peak memory (main): 2107.66MB


*** Memory Usage v#1 (Current mem = 2823.215M, initial mem = 662.375M) ***
*** Message Summary: 12 warning(s), 6 error(s)

--- Ending "Innovus" (totcpu=0:00:51.0, real=0:03:29, mem=2823.2M) ---
