============================================================
  Generated by:           Genus(TM) Synthesis Solution 22.17-s071_1
  Generated on:           Jul 09 2026  04:47:59 am
  Module:                 counter6_down
  Operating conditions:   PVT_0P9V_125C (balanced_tree)
  Wireload mode:          enclosed
  Area mode:              timing library
============================================================


Path 1: MET (9218 ps) Setup Check with Pin o_count_reg[1]/CK->D
          Group: clk
     Startpoint: (R) o_count_reg[2]/CK
          Clock: (R) clk
       Endpoint: (R) o_count_reg[1]/D
          Clock: (R) clk

                     Capture       Launch     
        Clock Edge:+   10000            0     
       Src Latency:+       0            0     
       Net Latency:+       0 (I)        0 (I) 
           Arrival:=   10000            0     
                                              
             Setup:-      97                  
       Uncertainty:-      10                  
     Required Time:=    9893                  
      Launch Clock:-       0                  
         Data Path:-     675                  
             Slack:=    9218                  

#------------------------------------------------------------------------------------------
#   Timing Point    Flags   Arc   Edge   Cell     Fanout Load Trans Delay Arrival Instance 
#                                                        (fF)  (ps)  (ps)   (ps)  Location 
#------------------------------------------------------------------------------------------
  o_count_reg[2]/CK -       -     R     (arrival)      3    -   100     0       0    (-,-) 
  o_count_reg[2]/Q  -       CK->Q F     DFFHQX1        5  1.3    44   260     260    (-,-) 
  g123/Y            -       A->Y  R     INVX1          3  1.0    35    45     304    (-,-) 
  g118__8428/Y      -       A2->Y F     AOI32X1        1  0.2   156   145     450    (-,-) 
  g115__6260/Y      -       A->Y  F     MX2XL          1  0.3    30   182     632    (-,-) 
  g113__2398/Y      -       B->Y  R     NOR2BX1        1  0.3    41    44     675    (-,-) 
  o_count_reg[1]/D  <<<     -     R     DFFHQX1        1    -     -     0     675    (-,-) 
#------------------------------------------------------------------------------------------

