============================================================
  Generated by:           Genus(TM) Synthesis Solution 22.17-s071_1
  Generated on:           Jul 09 2026  06:18:20 pm
  Module:                 counter6_down
  Operating conditions:   PVT_0P9V_125C (balanced_tree)
  Wireload mode:          enclosed
  Area mode:              timing library
============================================================

Timing
--------

Clock  Period 
--------------
clk   10000.0 


  Cost    Critical         Violating 
 Group   Path Slack  TNS     Paths   
-------------------------------------
clk          9217.7   0.0          0 
default    No paths   0.0            
-------------------------------------
Total                 0.0          0 

Instance Count
--------------
Leaf Instance Count             15 
Physical Instance count          0 
Sequential Instance Count        3 
Combinational Instance Count    12 
Hierarchical Instance Count      0 

Area
----
Cell Area                          35.226
Physical Cell Area                 0.000
Total Cell Area (Cell+Physical)    35.226
Net Area                           0.000
Total Area (Cell+Physical+Net)     35.226

Max Fanout                         5 (o_count[1])
Min Fanout                         1 (n_0)
Average Fanout                     2.3
Terms to net ratio                 2.9444
Terms to instance ratio            3.5333
Runtime                            19.89847 seconds
Elapsed Runtime                    22 seconds
Genus peak memory usage            1774.59 
Innovus peak memory usage          no_value 
Hostname                           localhost
