============================================================
  Generated by:           Genus(TM) Synthesis Solution 22.17-s071_1
  Generated on:           Jul 08 2026  05:01:55 am
  Module:                 fdivider
  Operating conditions:   PVT_0P9V_125C (balanced_tree)
  Wireload mode:          enclosed
  Area mode:              timing library
============================================================

Timing
-------
  Cost    Critical         Violating 
 Group   Path Slack  TNS     Paths   
-------------------------------------
default    No paths   0.0            
-------------------------------------
Total                 0.0          0 

Instance Count
--------------
Leaf Instance Count             15 
Physical Instance count          0 
Sequential Instance Count        5 
Combinational Instance Count    10 
Hierarchical Instance Count      0 

Area
----
Cell Area                          49.932
Physical Cell Area                 0.000
Total Cell Area (Cell+Physical)    49.932
Net Area                           0.000
Total Area (Cell+Physical+Net)     49.932

Max Fanout                         5 (clk_in)
Min Fanout                         0 (rst_n)
Average Fanout                     2.1
Terms to net ratio                 3.1579
Terms to instance ratio            4.0000
Runtime                            19.902432 seconds
Elapsed Runtime                    21 seconds
Genus peak memory usage            1779.00 
Innovus peak memory usage          no_value 
Hostname                           localhost
